# JRE version: OpenJDK Runtime Environment (8.0_242-b01) (build 1.8.0_242-release-1644-b01)
# Java VM: OpenJDK 64-Bit Server VM (25.242-b01 mixed mode windows-amd64 compressed oops)
Heap:
 PSYoungGen      total 1298432K, used 711473K [0x0000000760000000, 0x00000007be700000, 0x00000007c0000000)
  eden space 1077248K, 59% used [0x0000000760000000,0x00000007871ba380,0x00000007a1c00000)
  from space 221184K, 31% used [0x00000007b0f00000,0x00000007b5412130,0x00000007be700000)
  to   space 235008K, 0% used [0x00000007a1c00000,0x00000007a1c00000,0x00000007b0180000)
 ParOldGen       total 814592K, used 708146K [0x00000006a0000000, 0x00000006d1b80000, 0x0000000760000000)
  object space 814592K, 86% used [0x00000006a0000000,0x00000006cb38cb38,0x00000006d1b80000)
 Metaspace       used 184045K, capacity 194872K, committed 195096K, reserved 1220608K
  class space    used 22821K, capacity 24795K, committed 24864K, reserved 1048576K
GC Heap History (10 events):
Event: 2645.690 GC heap before
{Heap before GC invocations=36 (full 8):
 PSYoungGen      total 1270784K, used 1039353K [0x0000000760000000, 0x00000007c0000000, 0x00000007c0000000)
  eden space 996864K, 99% used [0x0000000760000000,0x000000079cd752b8,0x000000079cd80000)
  from space 273920K, 15% used [0x000000079cd80000,0x000000079f7093a0,0x00000007ad900000)
  to   space 266752K, 0% used [0x00000007afb80000,0x00000007afb80000,0x00000007c0000000)
 ParOldGen       total 814592K, used 548348K [0x00000006a0000000, 0x00000006d1b80000, 0x0000000760000000)
  object space 814592K, 67% used [0x00000006a0000000,0x00000006c177f1e0,0x00000006d1b80000)
 Metaspace       used 160275K, capacity 169210K, committed 169368K, reserved 1198080K
  class space    used 19912K, capacity 21556K, committed 21664K, reserved 1048576K
Event: 2645.793 GC heap after
Heap after GC invocations=36 (full 8):
 PSYoungGen      total 1275392K, used 45983K [0x0000000760000000, 0x00000007be900000, 0x00000007c0000000)
  eden space 1032192K, 0% used [0x0000000760000000,0x0000000760000000,0x000000079f000000)
  from space 243200K, 18% used [0x00000007afb80000,0x00000007b2867f58,0x00000007be900000)
  to   space 258560K, 0% used [0x000000079f000000,0x000000079f000000,0x00000007aec80000)
 ParOldGen       total 814592K, used 552128K [0x00000006a0000000, 0x00000006d1b80000, 0x0000000760000000)
  object space 814592K, 67% used [0x00000006a0000000,0x00000006c1b30270,0x00000006d1b80000)
 Metaspace       used 160275K, capacity 169210K, committed 169368K, reserved 1198080K
  class space    used 19912K, capacity 21556K, committed 21664K, reserved 1048576K
}
Event: 3011.669 GC heap before
{Heap before GC invocations=37 (full 8):
 PSYoungGen      total 1275392K, used 1078175K [0x0000000760000000, 0x00000007be900000, 0x00000007c0000000)
  eden space 1032192K, 100% used [0x0000000760000000,0x000000079f000000,0x000000079f000000)
  from space 243200K, 18% used [0x00000007afb80000,0x00000007b2867f58,0x00000007be900000)
  to   space 258560K, 0% used [0x000000079f000000,0x000000079f000000,0x00000007aec80000)
 ParOldGen       total 814592K, used 552128K [0x00000006a0000000, 0x00000006d1b80000, 0x0000000760000000)
  object space 814592K, 67% used [0x00000006a0000000,0x00000006c1b30270,0x00000006d1b80000)
 Metaspace       used 163248K, capacity 172368K, committed 172696K, reserved 1200128K
  class space    used 20134K, capacity 21817K, committed 21920K, reserved 1048576K
Event: 3011.991 GC heap after
Heap after GC invocations=37 (full 8):
 PSYoungGen      total 1290752K, used 35681K [0x0000000760000000, 0x00000007c0000000, 0x00000007c0000000)
  eden space 1032192K, 0% used [0x0000000760000000,0x0000000760000000,0x000000079f000000)
  from space 258560K, 13% used [0x000000079f000000,0x00000007a12d86c0,0x00000007aec80000)
  to   space 251392K, 0% used [0x00000007b0a80000,0x00000007b0a80000,0x00000007c0000000)
 ParOldGen       total 814592K, used 553145K [0x00000006a0000000, 0x00000006d1b80000, 0x0000000760000000)
  object space 814592K, 67% used [0x00000006a0000000,0x00000006c1c2e578,0x00000006d1b80000)
 Metaspace       used 163248K, capacity 172368K, committed 172696K, reserved 1200128K
  class space    used 20134K, capacity 21817K, committed 21920K, reserved 1048576K
}
Event: 3019.823 GC heap before
{Heap before GC invocations=38 (full 8):
 PSYoungGen      total 1290752K, used 1067873K [0x0000000760000000, 0x00000007c0000000, 0x00000007c0000000)
  eden space 1032192K, 100% used [0x0000000760000000,0x000000079f000000,0x000000079f000000)
  from space 258560K, 13% used [0x000000079f000000,0x00000007a12d86c0,0x00000007aec80000)
  to   space 251392K, 0% used [0x00000007b0a80000,0x00000007b0a80000,0x00000007c0000000)
 ParOldGen       total 814592K, used 553145K [0x00000006a0000000, 0x00000006d1b80000, 0x0000000760000000)
  object space 814592K, 67% used [0x00000006a0000000,0x00000006c1c2e578,0x00000006d1b80000)
 Metaspace       used 180392K, capacity 189964K, committed 190232K, reserved 1216512K
  class space    used 22216K, capacity 23987K, committed 24096K, reserved 1048576K
Event: 3020.645 GC heap after
Heap after GC invocations=38 (full 8):
 PSYoungGen      total 1302016K, used 123864K [0x0000000760000000, 0x00000007bf400000, 0x00000007c0000000)
  eden space 1062912K, 0% used [0x0000000760000000,0x0000000760000000,0x00000007a0e00000)
  from space 239104K, 51% used [0x00000007b0a80000,0x00000007b83761e8,0x00000007bf400000)
  to   space 248832K, 0% used [0x00000007a0e00000,0x00000007a0e00000,0x00000007b0100000)
 ParOldGen       total 814592K, used 579567K [0x00000006a0000000, 0x00000006d1b80000, 0x0000000760000000)
  object space 814592K, 71% used [0x00000006a0000000,0x00000006c35fbde8,0x00000006d1b80000)
 Metaspace       used 180392K, capacity 189964K, committed 190232K, reserved 1216512K
  class space    used 22216K, capacity 23987K, committed 24096K, reserved 1048576K
}
Event: 3023.774 GC heap before
{Heap before GC invocations=39 (full 8):
 PSYoungGen      total 1302016K, used 1186776K [0x0000000760000000, 0x00000007bf400000, 0x00000007c0000000)
  eden space 1062912K, 100% used [0x0000000760000000,0x00000007a0e00000,0x00000007a0e00000)
  from space 239104K, 51% used [0x00000007b0a80000,0x00000007b83761e8,0x00000007bf400000)
  to   space 248832K, 0% used [0x00000007a0e00000,0x00000007a0e00000,0x00000007b0100000)
 ParOldGen       total 814592K, used 579567K [0x00000006a0000000, 0x00000006d1b80000, 0x0000000760000000)
  object space 814592K, 71% used [0x00000006a0000000,0x00000006c35fbde8,0x00000006d1b80000)
 Metaspace       used 181728K, capacity 191770K, committed 192024K, reserved 1216512K
  class space    used 22456K, capacity 24304K, committed 24352K, reserved 1048576K
Event: 3024.742 GC heap after
Heap after GC invocations=39 (full 8):
 PSYoungGen      total 1311744K, used 126572K [0x0000000760000000, 0x00000007c0000000, 0x00000007c0000000)
  eden space 1062912K, 0% used [0x0000000760000000,0x0000000760000000,0x00000007a0e00000)
  from space 248832K, 50% used [0x00000007a0e00000,0x00000007a899b198,0x00000007b0100000)
  to   space 246784K, 0% used [0x00000007b0f00000,0x00000007b0f00000,0x00000007c0000000)
 ParOldGen       total 814592K, used 633657K [0x00000006a0000000, 0x00000006d1b80000, 0x0000000760000000)
  object space 814592K, 77% used [0x00000006a0000000,0x00000006c6ace760,0x00000006d1b80000)
 Metaspace       used 181728K, capacity 191770K, committed 192024K, reserved 1216512K
  class space    used 22456K, capacity 24304K, committed 24352K, reserved 1048576K
}
Event: 3028.337 GC heap before
{Heap before GC invocations=40 (full 8):
 PSYoungGen      total 1311744K, used 1189484K [0x0000000760000000, 0x00000007c0000000, 0x00000007c0000000)
  eden space 1062912K, 100% used [0x0000000760000000,0x00000007a0e00000,0x00000007a0e00000)
  from space 248832K, 50% used [0x00000007a0e00000,0x00000007a899b198,0x00000007b0100000)
  to   space 246784K, 0% used [0x00000007b0f00000,0x00000007b0f00000,0x00000007c0000000)
 ParOldGen       total 814592K, used 633657K [0x00000006a0000000, 0x00000006d1b80000, 0x0000000760000000)
  object space 814592K, 77% used [0x00000006a0000000,0x00000006c6ace760,0x00000006d1b80000)
 Metaspace       used 183975K, capacity 194756K, committed 195096K, reserved 1220608K
  class space    used 22810K, capacity 24777K, committed 24864K, reserved 1048576K
Event: 3028.715 GC heap after
Heap after GC invocations=40 (full 8):
 PSYoungGen      total 1298432K, used 70728K [0x0000000760000000, 0x00000007be700000, 0x00000007c0000000)
  eden space 1077248K, 0% used [0x0000000760000000,0x0000000760000000,0x00000007a1c00000)
  from space 221184K, 31% used [0x00000007b0f00000,0x00000007b5412130,0x00000007be700000)
  to   space 235008K, 0% used [0x00000007a1c00000,0x00000007a1c00000,0x00000007b0180000)
 ParOldGen       total 814592K, used 708146K [0x00000006a0000000, 0x00000006d1b80000, 0x0000000760000000)
  object space 814592K, 86% used [0x00000006a0000000,0x00000006cb38cb38,0x00000006d1b80000)
 Metaspace       used 183975K, capacity 194756K, committed 195096K, reserved 1220608K
  class space    used 22810K, capacity 24777K, committed 24864K, reserved 1048576K
}

