# JRE version: OpenJDK Runtime Environment (8.0_242-b01) (build 1.8.0_242-release-1644-b01)
# Java VM: OpenJDK 64-Bit Server VM (25.242-b01 mixed mode windows-amd64 compressed oops)
Heap:
 PSYoungGen      total 151040K, used 36091K [0x00000000d5d80000, 0x00000000e0800000, 0x0000000100000000)
  eden space 127488K, 9% used [0x00000000d5d80000,0x00000000d69c1d10,0x00000000dda00000)
  from space 23552K, 99% used [0x00000000df100000,0x00000000e07fd278,0x00000000e0800000)
  to   space 5120K, 0% used [0x00000000ddf80000,0x00000000ddf80000,0x00000000de480000)
 ParOldGen       total 82432K, used 48937K [0x0000000081800000, 0x0000000086880000, 0x00000000d5d80000)
  object space 82432K, 59% used [0x0000000081800000,0x00000000847ca5e8,0x0000000086880000)
 Metaspace       used 48129K, capacity 49034K, committed 49280K, reserved 1093632K
  class space    used 5760K, capacity 6011K, committed 6016K, reserved 1048576K
GC Heap History (10 events):
Event: 1.355 GC heap before
{Heap before GC invocations=4 (full 1):
 PSYoungGen      total 71680K, used 5088K [0x00000000d5d80000, 0x00000000de980000, 0x0000000100000000)
  eden space 66560K, 0% used [0x00000000d5d80000,0x00000000d5d80000,0x00000000d9e80000)
  from space 5120K, 99% used [0x00000000d9e80000,0x00000000da378030,0x00000000da380000)
  to   space 5120K, 0% used [0x00000000de480000,0x00000000de480000,0x00000000de980000)
 ParOldGen       total 87552K, used 18047K [0x0000000081800000, 0x0000000086d80000, 0x00000000d5d80000)
  object space 87552K, 20% used [0x0000000081800000,0x000000008299ff50,0x0000000086d80000)
 Metaspace       used 20739K, capacity 21174K, committed 21248K, reserved 1069056K
  class space    used 2372K, capacity 2547K, committed 2560K, reserved 1048576K
Event: 1.408 GC heap after
Heap after GC invocations=4 (full 1):
 PSYoungGen      total 71680K, used 0K [0x00000000d5d80000, 0x00000000de980000, 0x0000000100000000)
  eden space 66560K, 0% used [0x00000000d5d80000,0x00000000d5d80000,0x00000000d9e80000)
  from space 5120K, 0% used [0x00000000d9e80000,0x00000000d9e80000,0x00000000da380000)
  to   space 5120K, 0% used [0x00000000de480000,0x00000000de480000,0x00000000de980000)
 ParOldGen       total 82432K, used 16708K [0x0000000081800000, 0x0000000086880000, 0x00000000d5d80000)
  object space 82432K, 20% used [0x0000000081800000,0x0000000082851170,0x0000000086880000)
 Metaspace       used 20739K, capacity 21174K, committed 21248K, reserved 1069056K
  class space    used 2372K, capacity 2547K, committed 2560K, reserved 1048576K
}
Event: 2.449 GC heap before
{Heap before GC invocations=5 (full 1):
 PSYoungGen      total 71680K, used 66560K [0x00000000d5d80000, 0x00000000de980000, 0x0000000100000000)
  eden space 66560K, 100% used [0x00000000d5d80000,0x00000000d9e80000,0x00000000d9e80000)
  from space 5120K, 0% used [0x00000000d9e80000,0x00000000d9e80000,0x00000000da380000)
  to   space 5120K, 0% used [0x00000000de480000,0x00000000de480000,0x00000000de980000)
 ParOldGen       total 82432K, used 16708K [0x0000000081800000, 0x0000000086880000, 0x00000000d5d80000)
  object space 82432K, 20% used [0x0000000081800000,0x0000000082851170,0x0000000086880000)
 Metaspace       used 26842K, capacity 27438K, committed 27648K, reserved 1073152K
  class space    used 3350K, capacity 3511K, committed 3584K, reserved 1048576K
Event: 2.464 GC heap after
Heap after GC invocations=5 (full 1):
 PSYoungGen      total 97280K, used 5111K [0x00000000d5d80000, 0x00000000de980000, 0x0000000100000000)
  eden space 92160K, 0% used [0x00000000d5d80000,0x00000000d5d80000,0x00000000db780000)
  from space 5120K, 99% used [0x00000000de480000,0x00000000de97dc80,0x00000000de980000)
  to   space 5120K, 0% used [0x00000000ddf80000,0x00000000ddf80000,0x00000000de480000)
 ParOldGen       total 82432K, used 29968K [0x0000000081800000, 0x0000000086880000, 0x00000000d5d80000)
  object space 82432K, 36% used [0x0000000081800000,0x00000000835443f0,0x0000000086880000)
 Metaspace       used 26842K, capacity 27438K, committed 27648K, reserved 1073152K
  class space    used 3350K, capacity 3511K, committed 3584K, reserved 1048576K
}
Event: 3.031 GC heap before
{Heap before GC invocations=6 (full 1):
 PSYoungGen      total 97280K, used 57665K [0x00000000d5d80000, 0x00000000de980000, 0x0000000100000000)
  eden space 92160K, 57% used [0x00000000d5d80000,0x00000000d90d2938,0x00000000db780000)
  from space 5120K, 99% used [0x00000000de480000,0x00000000de97dc80,0x00000000de980000)
  to   space 5120K, 0% used [0x00000000ddf80000,0x00000000ddf80000,0x00000000de480000)
 ParOldGen       total 82432K, used 29968K [0x0000000081800000, 0x0000000086880000, 0x00000000d5d80000)
  object space 82432K, 36% used [0x0000000081800000,0x00000000835443f0,0x0000000086880000)
 Metaspace       used 34503K, capacity 35098K, committed 35416K, reserved 1081344K
  class space    used 4342K, capacity 4545K, committed 4608K, reserved 1048576K
Event: 3.044 GC heap after
Heap after GC invocations=6 (full 1):
 PSYoungGen      total 132608K, used 5111K [0x00000000d5d80000, 0x00000000e0800000, 0x0000000100000000)
  eden space 127488K, 0% used [0x00000000d5d80000,0x00000000d5d80000,0x00000000dda00000)
  from space 5120K, 99% used [0x00000000ddf80000,0x00000000de47dc80,0x00000000de480000)
  to   space 23552K, 0% used [0x00000000df100000,0x00000000df100000,0x00000000e0800000)
 ParOldGen       total 82432K, used 42685K [0x0000000081800000, 0x0000000086880000, 0x00000000d5d80000)
  object space 82432K, 51% used [0x0000000081800000,0x00000000841af790,0x0000000086880000)
 Metaspace       used 34503K, capacity 35098K, committed 35416K, reserved 1081344K
  class space    used 4342K, capacity 4545K, committed 4608K, reserved 1048576K
}
Event: 3.044 GC heap before
{Heap before GC invocations=7 (full 2):
 PSYoungGen      total 132608K, used 5111K [0x00000000d5d80000, 0x00000000e0800000, 0x0000000100000000)
  eden space 127488K, 0% used [0x00000000d5d80000,0x00000000d5d80000,0x00000000dda00000)
  from space 5120K, 99% used [0x00000000ddf80000,0x00000000de47dc80,0x00000000de480000)
  to   space 23552K, 0% used [0x00000000df100000,0x00000000df100000,0x00000000e0800000)
 ParOldGen       total 82432K, used 42685K [0x0000000081800000, 0x0000000086880000, 0x00000000d5d80000)
  object space 82432K, 51% used [0x0000000081800000,0x00000000841af790,0x0000000086880000)
 Metaspace       used 34503K, capacity 35098K, committed 35416K, reserved 1081344K
  class space    used 4342K, capacity 4545K, committed 4608K, reserved 1048576K
Event: 3.131 GC heap after
Heap after GC invocations=7 (full 2):
 PSYoungGen      total 132608K, used 0K [0x00000000d5d80000, 0x00000000e0800000, 0x0000000100000000)
  eden space 127488K, 0% used [0x00000000d5d80000,0x00000000d5d80000,0x00000000dda00000)
  from space 5120K, 0% used [0x00000000ddf80000,0x00000000ddf80000,0x00000000de480000)
  to   space 23552K, 0% used [0x00000000df100000,0x00000000df100000,0x00000000e0800000)
 ParOldGen       total 82432K, used 39103K [0x0000000081800000, 0x0000000086880000, 0x00000000d5d80000)
  object space 82432K, 47% used [0x0000000081800000,0x0000000083e2fc08,0x0000000086880000)
 Metaspace       used 34503K, capacity 35098K, committed 35416K, reserved 1081344K
  class space    used 4342K, capacity 4545K, committed 4608K, reserved 1048576K
}
Event: 5.819 GC heap before
{Heap before GC invocations=8 (full 2):
 PSYoungGen      total 132608K, used 127488K [0x00000000d5d80000, 0x00000000e0800000, 0x0000000100000000)
  eden space 127488K, 100% used [0x00000000d5d80000,0x00000000dda00000,0x00000000dda00000)
  from space 5120K, 0% used [0x00000000ddf80000,0x00000000ddf80000,0x00000000de480000)
  to   space 23552K, 0% used [0x00000000df100000,0x00000000df100000,0x00000000e0800000)
 ParOldGen       total 82432K, used 39103K [0x0000000081800000, 0x0000000086880000, 0x00000000d5d80000)
  object space 82432K, 47% used [0x0000000081800000,0x0000000083e2fc08,0x0000000086880000)
 Metaspace       used 46246K, capacity 47108K, committed 47616K, reserved 1091584K
  class space    used 5574K, capacity 5838K, committed 5888K, reserved 1048576K
Event: 5.859 GC heap after
Heap after GC invocations=8 (full 2):
 PSYoungGen      total 151040K, used 23540K [0x00000000d5d80000, 0x00000000e0800000, 0x0000000100000000)
  eden space 127488K, 0% used [0x00000000d5d80000,0x00000000d5d80000,0x00000000dda00000)
  from space 23552K, 99% used [0x00000000df100000,0x00000000e07fd278,0x00000000e0800000)
  to   space 5120K, 0% used [0x00000000ddf80000,0x00000000ddf80000,0x00000000de480000)
 ParOldGen       total 82432K, used 48937K [0x0000000081800000, 0x0000000086880000, 0x00000000d5d80000)
  object space 82432K, 59% used [0x0000000081800000,0x00000000847ca5e8,0x0000000086880000)
 Metaspace       used 46246K, capacity 47108K, committed 47616K, reserved 1091584K
  class space    used 5574K, capacity 5838K, committed 5888K, reserved 1048576K
}

