# JRE version: OpenJDK Runtime Environment (8.0_242-b01) (build 1.8.0_242-release-1644-b01)
# Java VM: OpenJDK 64-Bit Server VM (25.242-b01 mixed mode windows-amd64 compressed oops)
Heap:
 PSYoungGen      total 98816K, used 38796K [0x00000000d5d80000, 0x00000000de980000, 0x0000000100000000)
  eden space 93696K, 41% used [0x00000000d5d80000,0x00000000d83632f8,0x00000000db900000)
  from space 5120K, 0% used [0x00000000de480000,0x00000000de480000,0x00000000de980000)
  to   space 5120K, 0% used [0x00000000ddf80000,0x00000000ddf80000,0x00000000de480000)
 ParOldGen       total 82432K, used 54150K [0x0000000081800000, 0x0000000086880000, 0x00000000d5d80000)
  object space 82432K, 65% used [0x0000000081800000,0x0000000084ce1868,0x0000000086880000)
 Metaspace       used 46791K, capacity 47630K, committed 48128K, reserved 1091584K
  class space    used 5619K, capacity 5841K, committed 5888K, reserved 1048576K
GC Heap History (10 events):
Event: 2.329 GC heap before
{Heap before GC invocations=5 (full 1):
 PSYoungGen      total 71680K, used 66560K [0x00000000d5d80000, 0x00000000de980000, 0x0000000100000000)
  eden space 66560K, 100% used [0x00000000d5d80000,0x00000000d9e80000,0x00000000d9e80000)
  from space 5120K, 0% used [0x00000000d9e80000,0x00000000d9e80000,0x00000000da380000)
  to   space 5120K, 0% used [0x00000000de480000,0x00000000de480000,0x00000000de980000)
 ParOldGen       total 82432K, used 16679K [0x0000000081800000, 0x0000000086880000, 0x00000000d5d80000)
  object space 82432K, 20% used [0x0000000081800000,0x0000000082849f08,0x0000000086880000)
 Metaspace       used 26857K, capacity 27438K, committed 27648K, reserved 1073152K
  class space    used 3350K, capacity 3511K, committed 3584K, reserved 1048576K
Event: 2.353 GC heap after
Heap after GC invocations=5 (full 1):
 PSYoungGen      total 98816K, used 5091K [0x00000000d5d80000, 0x00000000de980000, 0x0000000100000000)
  eden space 93696K, 0% used [0x00000000d5d80000,0x00000000d5d80000,0x00000000db900000)
  from space 5120K, 99% used [0x00000000de480000,0x00000000de978c70,0x00000000de980000)
  to   space 5120K, 0% used [0x00000000ddf80000,0x00000000ddf80000,0x00000000de480000)
 ParOldGen       total 82432K, used 29961K [0x0000000081800000, 0x0000000086880000, 0x00000000d5d80000)
  object space 82432K, 36% used [0x0000000081800000,0x0000000083542710,0x0000000086880000)
 Metaspace       used 26857K, capacity 27438K, committed 27648K, reserved 1073152K
  class space    used 3350K, capacity 3511K, committed 3584K, reserved 1048576K
}
Event: 2.986 GC heap before
{Heap before GC invocations=6 (full 1):
 PSYoungGen      total 98816K, used 56769K [0x00000000d5d80000, 0x00000000de980000, 0x0000000100000000)
  eden space 93696K, 55% used [0x00000000d5d80000,0x00000000d8ff79f8,0x00000000db900000)
  from space 5120K, 99% used [0x00000000de480000,0x00000000de978c70,0x00000000de980000)
  to   space 5120K, 0% used [0x00000000ddf80000,0x00000000ddf80000,0x00000000de480000)
 ParOldGen       total 82432K, used 29961K [0x0000000081800000, 0x0000000086880000, 0x00000000d5d80000)
  object space 82432K, 36% used [0x0000000081800000,0x0000000083542710,0x0000000086880000)
 Metaspace       used 34497K, capacity 35066K, committed 35416K, reserved 1081344K
  class space    used 4338K, capacity 4513K, committed 4608K, reserved 1048576K
Event: 2.998 GC heap after
Heap after GC invocations=6 (full 1):
 PSYoungGen      total 98816K, used 5111K [0x00000000d5d80000, 0x00000000de980000, 0x0000000100000000)
  eden space 93696K, 0% used [0x00000000d5d80000,0x00000000d5d80000,0x00000000db900000)
  from space 5120K, 99% used [0x00000000ddf80000,0x00000000de47dc80,0x00000000de480000)
  to   space 5120K, 0% used [0x00000000de480000,0x00000000de480000,0x00000000de980000)
 ParOldGen       total 82432K, used 42743K [0x0000000081800000, 0x0000000086880000, 0x00000000d5d80000)
  object space 82432K, 51% used [0x0000000081800000,0x00000000841bdc20,0x0000000086880000)
 Metaspace       used 34497K, capacity 35066K, committed 35416K, reserved 1081344K
  class space    used 4338K, capacity 4513K, committed 4608K, reserved 1048576K
}
Event: 2.998 GC heap before
{Heap before GC invocations=7 (full 2):
 PSYoungGen      total 98816K, used 5111K [0x00000000d5d80000, 0x00000000de980000, 0x0000000100000000)
  eden space 93696K, 0% used [0x00000000d5d80000,0x00000000d5d80000,0x00000000db900000)
  from space 5120K, 99% used [0x00000000ddf80000,0x00000000de47dc80,0x00000000de480000)
  to   space 5120K, 0% used [0x00000000de480000,0x00000000de480000,0x00000000de980000)
 ParOldGen       total 82432K, used 42743K [0x0000000081800000, 0x0000000086880000, 0x00000000d5d80000)
  object space 82432K, 51% used [0x0000000081800000,0x00000000841bdc20,0x0000000086880000)
 Metaspace       used 34497K, capacity 35066K, committed 35416K, reserved 1081344K
  class space    used 4338K, capacity 4513K, committed 4608K, reserved 1048576K
Event: 3.089 GC heap after
Heap after GC invocations=7 (full 2):
 PSYoungGen      total 98816K, used 0K [0x00000000d5d80000, 0x00000000de980000, 0x0000000100000000)
  eden space 93696K, 0% used [0x00000000d5d80000,0x00000000d5d80000,0x00000000db900000)
  from space 5120K, 0% used [0x00000000ddf80000,0x00000000ddf80000,0x00000000de480000)
  to   space 5120K, 0% used [0x00000000de480000,0x00000000de480000,0x00000000de980000)
 ParOldGen       total 82432K, used 43566K [0x0000000081800000, 0x0000000086880000, 0x00000000d5d80000)
  object space 82432K, 52% used [0x0000000081800000,0x000000008428bbf8,0x0000000086880000)
 Metaspace       used 34497K, capacity 35066K, committed 35416K, reserved 1081344K
  class space    used 4338K, capacity 4513K, committed 4608K, reserved 1048576K
}
Event: 5.081 GC heap before
{Heap before GC invocations=8 (full 2):
 PSYoungGen      total 98816K, used 93696K [0x00000000d5d80000, 0x00000000de980000, 0x0000000100000000)
  eden space 93696K, 100% used [0x00000000d5d80000,0x00000000db900000,0x00000000db900000)
  from space 5120K, 0% used [0x00000000ddf80000,0x00000000ddf80000,0x00000000de480000)
  to   space 5120K, 0% used [0x00000000de480000,0x00000000de480000,0x00000000de980000)
 ParOldGen       total 82432K, used 43566K [0x0000000081800000, 0x0000000086880000, 0x00000000d5d80000)
  object space 82432K, 52% used [0x0000000081800000,0x000000008428bbf8,0x0000000086880000)
 Metaspace       used 44965K, capacity 45782K, committed 46208K, reserved 1089536K
  class space    used 5429K, capacity 5663K, committed 5760K, reserved 1048576K
Event: 5.112 GC heap after
Heap after GC invocations=8 (full 2):
 PSYoungGen      total 98816K, used 5096K [0x00000000d5d80000, 0x00000000de980000, 0x0000000100000000)
  eden space 93696K, 0% used [0x00000000d5d80000,0x00000000d5d80000,0x00000000db900000)
  from space 5120K, 99% used [0x00000000de480000,0x00000000de97a020,0x00000000de980000)
  to   space 5120K, 0% used [0x00000000ddf80000,0x00000000ddf80000,0x00000000de480000)
 ParOldGen       total 82432K, used 62671K [0x0000000081800000, 0x0000000086880000, 0x00000000d5d80000)
  object space 82432K, 76% used [0x0000000081800000,0x0000000085533f88,0x0000000086880000)
 Metaspace       used 44965K, capacity 45782K, committed 46208K, reserved 1089536K
  class space    used 5429K, capacity 5663K, committed 5760K, reserved 1048576K
}
Event: 5.112 GC heap before
{Heap before GC invocations=9 (full 3):
 PSYoungGen      total 98816K, used 5096K [0x00000000d5d80000, 0x00000000de980000, 0x0000000100000000)
  eden space 93696K, 0% used [0x00000000d5d80000,0x00000000d5d80000,0x00000000db900000)
  from space 5120K, 99% used [0x00000000de480000,0x00000000de97a020,0x00000000de980000)
  to   space 5120K, 0% used [0x00000000ddf80000,0x00000000ddf80000,0x00000000de480000)
 ParOldGen       total 82432K, used 62671K [0x0000000081800000, 0x0000000086880000, 0x00000000d5d80000)
  object space 82432K, 76% used [0x0000000081800000,0x0000000085533f88,0x0000000086880000)
 Metaspace       used 44965K, capacity 45782K, committed 46208K, reserved 1089536K
  class space    used 5429K, capacity 5663K, committed 5760K, reserved 1048576K
Event: 5.298 GC heap after
Heap after GC invocations=9 (full 3):
 PSYoungGen      total 98816K, used 0K [0x00000000d5d80000, 0x00000000de980000, 0x0000000100000000)
  eden space 93696K, 0% used [0x00000000d5d80000,0x00000000d5d80000,0x00000000db900000)
  from space 5120K, 0% used [0x00000000de480000,0x00000000de480000,0x00000000de980000)
  to   space 5120K, 0% used [0x00000000ddf80000,0x00000000ddf80000,0x00000000de480000)
 ParOldGen       total 82432K, used 54150K [0x0000000081800000, 0x0000000086880000, 0x00000000d5d80000)
  object space 82432K, 65% used [0x0000000081800000,0x0000000084ce1868,0x0000000086880000)
 Metaspace       used 44965K, capacity 45782K, committed 46208K, reserved 1089536K
  class space    used 5429K, capacity 5663K, committed 5760K, reserved 1048576K
}

